# JRE version: Java(TM) SE Runtime Environment (8.0_161-b12) (build 1.8.0_161-b12)
# Java VM: Java HotSpot(TM) 64-Bit Server VM (25.161-b12 mixed mode windows-amd64 compressed oops)
Heap:
 PSYoungGen      total 103424K, used 29399K [0x00000000eb780000, 0x00000000f3500000, 0x0000000100000000)
  eden space 96256K, 24% used [0x00000000eb780000,0x00000000eceda148,0x00000000f1580000)
  from space 7168K, 76% used [0x00000000f1580000,0x00000000f1adbbc0,0x00000000f1c80000)
  to   space 7168K, 0% used [0x00000000f2e00000,0x00000000f2e00000,0x00000000f3500000)
 ParOldGen       total 37376K, used 12236K [0x00000000c2600000, 0x00000000c4a80000, 0x00000000eb780000)
  object space 37376K, 32% used [0x00000000c2600000,0x00000000c31f3238,0x00000000c4a80000)
 Metaspace       used 24508K, capacity 24876K, committed 25216K, reserved 1071104K
  class space    used 3093K, capacity 3188K, committed 3200K, reserved 1048576K
GC Heap History (10 events):
Event: 6.205 GC heap before
{Heap before GC invocations=8 (full 0):
 PSYoungGen      total 37888K, used 37477K [0x00000000eb780000, 0x00000000f0280000, 0x0000000100000000)
  eden space 31232K, 99% used [0x00000000eb780000,0x00000000ed5f8ea8,0x00000000ed600000)
  from space 6656K, 94% used [0x00000000ed600000,0x00000000edc206c8,0x00000000edc80000)
  to   space 7168K, 0% used [0x00000000efb80000,0x00000000efb80000,0x00000000f0280000)
 ParOldGen       total 42496K, used 10063K [0x00000000c2600000, 0x00000000c4f80000, 0x00000000eb780000)
  object space 42496K, 23% used [0x00000000c2600000,0x00000000c2fd3fa8,0x00000000c4f80000)
 Metaspace       used 20336K, capacity 20648K, committed 20864K, reserved 1067008K
  class space    used 2561K, capacity 2654K, committed 2688K, reserved 1048576K
Event: 6.212 GC heap after
Heap after GC invocations=8 (full 0):
 PSYoungGen      total 69632K, used 5565K [0x00000000eb780000, 0x00000000f0280000, 0x0000000100000000)
  eden space 62464K, 0% used [0x00000000eb780000,0x00000000eb780000,0x00000000ef480000)
  from space 7168K, 77% used [0x00000000efb80000,0x00000000f00ef488,0x00000000f0280000)
  to   space 7168K, 0% used [0x00000000ef480000,0x00000000ef480000,0x00000000efb80000)
 ParOldGen       total 42496K, used 10359K [0x00000000c2600000, 0x00000000c4f80000, 0x00000000eb780000)
  object space 42496K, 24% used [0x00000000c2600000,0x00000000c301dfa8,0x00000000c4f80000)
 Metaspace       used 20336K, capacity 20648K, committed 20864K, reserved 1067008K
  class space    used 2561K, capacity 2654K, committed 2688K, reserved 1048576K
}
Event: 6.797 GC heap before
{Heap before GC invocations=9 (full 0):
 PSYoungGen      total 69632K, used 61545K [0x00000000eb780000, 0x00000000f0280000, 0x0000000100000000)
  eden space 62464K, 89% used [0x00000000eb780000,0x00000000eee2b358,0x00000000ef480000)
  from space 7168K, 77% used [0x00000000efb80000,0x00000000f00ef488,0x00000000f0280000)
  to   space 7168K, 0% used [0x00000000ef480000,0x00000000ef480000,0x00000000efb80000)
 ParOldGen       total 42496K, used 10359K [0x00000000c2600000, 0x00000000c4f80000, 0x00000000eb780000)
  object space 42496K, 24% used [0x00000000c2600000,0x00000000c301dfa8,0x00000000c4f80000)
 Metaspace       used 20713K, capacity 21018K, committed 21248K, reserved 1067008K
  class space    used 2594K, capacity 2689K, committed 2816K, reserved 1048576K
Event: 6.808 GC heap after
Heap after GC invocations=9 (full 0):
 PSYoungGen      total 69632K, used 4648K [0x00000000eb780000, 0x00000000f2780000, 0x0000000100000000)
  eden space 62464K, 0% used [0x00000000eb780000,0x00000000eb780000,0x00000000ef480000)
  from space 7168K, 64% used [0x00000000ef480000,0x00000000ef90a1c8,0x00000000efb80000)
  to   space 7168K, 0% used [0x00000000f2080000,0x00000000f2080000,0x00000000f2780000)
 ParOldGen       total 42496K, used 12882K [0x00000000c2600000, 0x00000000c4f80000, 0x00000000eb780000)
  object space 42496K, 30% used [0x00000000c2600000,0x00000000c3294860,0x00000000c4f80000)
 Metaspace       used 20713K, capacity 21018K, committed 21248K, reserved 1067008K
  class space    used 2594K, capacity 2689K, committed 2816K, reserved 1048576K
}
Event: 6.808 GC heap before
{Heap before GC invocations=10 (full 1):
 PSYoungGen      total 69632K, used 4648K [0x00000000eb780000, 0x00000000f2780000, 0x0000000100000000)
  eden space 62464K, 0% used [0x00000000eb780000,0x00000000eb780000,0x00000000ef480000)
  from space 7168K, 64% used [0x00000000ef480000,0x00000000ef90a1c8,0x00000000efb80000)
  to   space 7168K, 0% used [0x00000000f2080000,0x00000000f2080000,0x00000000f2780000)
 ParOldGen       total 42496K, used 12882K [0x00000000c2600000, 0x00000000c4f80000, 0x00000000eb780000)
  object space 42496K, 30% used [0x00000000c2600000,0x00000000c3294860,0x00000000c4f80000)
 Metaspace       used 20713K, capacity 21018K, committed 21248K, reserved 1067008K
  class space    used 2594K, capacity 2689K, committed 2816K, reserved 1048576K
Event: 6.865 GC heap after
Heap after GC invocations=10 (full 1):
 PSYoungGen      total 69632K, used 0K [0x00000000eb780000, 0x00000000f2780000, 0x0000000100000000)
  eden space 62464K, 0% used [0x00000000eb780000,0x00000000eb780000,0x00000000ef480000)
  from space 7168K, 0% used [0x00000000ef480000,0x00000000ef480000,0x00000000efb80000)
  to   space 7168K, 0% used [0x00000000f2080000,0x00000000f2080000,0x00000000f2780000)
 ParOldGen       total 37376K, used 11313K [0x00000000c2600000, 0x00000000c4a80000, 0x00000000eb780000)
  object space 37376K, 30% used [0x00000000c2600000,0x00000000c310c500,0x00000000c4a80000)
 Metaspace       used 20713K, capacity 21018K, committed 21248K, reserved 1067008K
  class space    used 2594K, capacity 2689K, committed 2816K, reserved 1048576K
}
Event: 7.726 GC heap before
{Heap before GC invocations=11 (full 1):
 PSYoungGen      total 69632K, used 62464K [0x00000000eb780000, 0x00000000f2780000, 0x0000000100000000)
  eden space 62464K, 100% used [0x00000000eb780000,0x00000000ef480000,0x00000000ef480000)
  from space 7168K, 0% used [0x00000000ef480000,0x00000000ef480000,0x00000000efb80000)
  to   space 7168K, 0% used [0x00000000f2080000,0x00000000f2080000,0x00000000f2780000)
 ParOldGen       total 37376K, used 11313K [0x00000000c2600000, 0x00000000c4a80000, 0x00000000eb780000)
  object space 37376K, 30% used [0x00000000c2600000,0x00000000c310c500,0x00000000c4a80000)
 Metaspace       used 21741K, capacity 22052K, committed 22272K, reserved 1069056K
  class space    used 2721K, capacity 2792K, committed 2816K, reserved 1048576K
Event: 7.734 GC heap after
Heap after GC invocations=11 (full 1):
 PSYoungGen      total 88064K, used 2769K [0x00000000eb780000, 0x00000000f2380000, 0x0000000100000000)
  eden space 84992K, 0% used [0x00000000eb780000,0x00000000eb780000,0x00000000f0a80000)
  from space 3072K, 90% used [0x00000000f2080000,0x00000000f2334568,0x00000000f2380000)
  to   space 7168K, 0% used [0x00000000f1580000,0x00000000f1580000,0x00000000f1c80000)
 ParOldGen       total 37376K, used 11321K [0x00000000c2600000, 0x00000000c4a80000, 0x00000000eb780000)
  object space 37376K, 30% used [0x00000000c2600000,0x00000000c310e500,0x00000000c4a80000)
 Metaspace       used 21741K, capacity 22052K, committed 22272K, reserved 1069056K
  class space    used 2721K, capacity 2792K, committed 2816K, reserved 1048576K
}
Event: 9.193 GC heap before
{Heap before GC invocations=12 (full 1):
 PSYoungGen      total 88064K, used 87761K [0x00000000eb780000, 0x00000000f2380000, 0x0000000100000000)
  eden space 84992K, 100% used [0x00000000eb780000,0x00000000f0a80000,0x00000000f0a80000)
  from space 3072K, 90% used [0x00000000f2080000,0x00000000f2334568,0x00000000f2380000)
  to   space 7168K, 0% used [0x00000000f1580000,0x00000000f1580000,0x00000000f1c80000)
 ParOldGen       total 37376K, used 11321K [0x00000000c2600000, 0x00000000c4a80000, 0x00000000eb780000)
  object space 37376K, 30% used [0x00000000c2600000,0x00000000c310e500,0x00000000c4a80000)
 Metaspace       used 23901K, capacity 24250K, committed 24704K, reserved 1071104K
  class space    used 2997K, capacity 3089K, committed 3200K, reserved 1048576K
Event: 9.206 GC heap after
Heap after GC invocations=12 (full 1):
 PSYoungGen      total 103424K, used 5486K [0x00000000eb780000, 0x00000000f3500000, 0x0000000100000000)
  eden space 96256K, 0% used [0x00000000eb780000,0x00000000eb780000,0x00000000f1580000)
  from space 7168K, 76% used [0x00000000f1580000,0x00000000f1adbbc0,0x00000000f1c80000)
  to   space 7168K, 0% used [0x00000000f2e00000,0x00000000f2e00000,0x00000000f3500000)
 ParOldGen       total 37376K, used 12236K [0x00000000c2600000, 0x00000000c4a80000, 0x00000000eb780000)
  object space 37376K, 32% used [0x00000000c2600000,0x00000000c31f3238,0x00000000c4a80000)
 Metaspace       used 23901K, capacity 24250K, committed 24704K, reserved 1071104K
  class space    used 2997K, capacity 3089K, committed 3200K, reserved 1048576K
}

